<?xml version="1.0" encoding="UTF-8"?>
<!-- Generated by org.testng.reporters.JUnitXMLReporter -->
<testsuite ignored="0" hostname="LAPTOP-A20PR4HG" failures="1" tests="1" name="edgeTest" time="308.22" errors="0" timestamp="2022-03-26T23:03:57 IST">
  <testcase classname="assertequal.CT1" name="CrossBrowser" time="308.107">
    <failure type="org.openqa.selenium.WebDriverException" message="unknown error: net::ERR_INTERNET_DISCONNECTED
  (Session info: MicrosoftEdge=99.0.1150.39)
Build info: version: &amp;apos;4.1.2&amp;apos;, revision: &amp;apos;9a5a329c5a&amp;apos;
System info: host: &amp;apos;LAPTOP-A20PR4HG&amp;apos;, ip: &amp;apos;192.168.43.146&amp;apos;, os.name: &amp;apos;Windows 10&amp;apos;, os.arch: &amp;apos;amd64&amp;apos;, os.version: &amp;apos;10.0&amp;apos;, java.version: &amp;apos;17.0.1&amp;apos;
Driver info: org.openqa.selenium.edge.EdgeDriver
Command: [2c37ddcde4f7fc37ad58e53888e53e7c, get {url=https://vctcpune.com/}]
Capabilities {acceptInsecureCerts: false, browserName: msedge, browserVersion: 99.0.1150.39, javascriptEnabled: true, ms:edgeOptions: {debuggerAddress: localhost:53922}, msedge: {msedgedriverVersion: 99.0.1150.46 (a1c1ea0216022..., userDataDir: C:\Users\Gopal\AppData\Loca...}, networkConnectionEnabled: false, pageLoadStrategy: normal, platform: WINDOWS, platformName: WINDOWS, proxy: Proxy(), se:cdp: ws://localhost:53922/devtoo..., se:cdpVersion: 99.0.1150.39, setWindowRect: true, strictFileInteractability: false, timeouts: {implicit: 0, pageLoad: 300000, script: 30000}, unhandledPromptBehavior: dismiss and notify, webauthn:extension:credBlob: true, webauthn:extension:largeBlob: true, webauthn:virtualAuthenticators: true}
Session ID: 2c37ddcde4f7fc37ad58e53888e53e7c">
      <![CDATA[org.openqa.selenium.WebDriverException: unknown error: net::ERR_INTERNET_DISCONNECTED
  (Session info: MicrosoftEdge=99.0.1150.39)
Build info: version: '4.1.2', revision: '9a5a329c5a'
System info: host: 'LAPTOP-A20PR4HG', ip: '192.168.43.146', os.name: 'Windows 10', os.arch: 'amd64', os.version: '10.0', java.version: '17.0.1'
Driver info: org.openqa.selenium.edge.EdgeDriver
Command: [2c37ddcde4f7fc37ad58e53888e53e7c, get {url=https://vctcpune.com/}]
Capabilities {acceptInsecureCerts: false, browserName: msedge, browserVersion: 99.0.1150.39, javascriptEnabled: true, ms:edgeOptions: {debuggerAddress: localhost:53922}, msedge: {msedgedriverVersion: 99.0.1150.46 (a1c1ea0216022..., userDataDir: C:\Users\Gopal\AppData\Loca...}, networkConnectionEnabled: false, pageLoadStrategy: normal, platform: WINDOWS, platformName: WINDOWS, proxy: Proxy(), se:cdp: ws://localhost:53922/devtoo..., se:cdpVersion: 99.0.1150.39, setWindowRect: true, strictFileInteractability: false, timeouts: {implicit: 0, pageLoad: 300000, script: 30000}, unhandledPromptBehavior: dismiss and notify, webauthn:extension:credBlob: true, webauthn:extension:largeBlob: true, webauthn:virtualAuthenticators: true}
Session ID: 2c37ddcde4f7fc37ad58e53888e53e7c
at org.openqa.selenium.remote.codec.w3c.W3CHttpResponseCodec.createException(W3CHttpResponseCodec.java:200)
at org.openqa.selenium.remote.codec.w3c.W3CHttpResponseCodec.decode(W3CHttpResponseCodec.java:133)
at org.openqa.selenium.remote.codec.w3c.W3CHttpResponseCodec.decode(W3CHttpResponseCodec.java:53)
at org.openqa.selenium.remote.HttpCommandExecutor.execute(HttpCommandExecutor.java:184)
at org.openqa.selenium.remote.service.DriverCommandExecutor.invokeExecute(DriverCommandExecutor.java:167)
at org.openqa.selenium.remote.service.DriverCommandExecutor.execute(DriverCommandExecutor.java:142)
at org.openqa.selenium.remote.RemoteWebDriver.execute(RemoteWebDriver.java:558)
at org.openqa.selenium.remote.RemoteWebDriver.get(RemoteWebDriver.java:327)
at assertequal.CT1.CrossBrowser(CT1.java:43)
at java.base/java.util.ArrayList.forEach(ArrayList.java:1511)
at java.base/java.util.concurrent.FutureTask.run(FutureTask.java:264)
at java.base/java.util.concurrent.ThreadPoolExecutor.runWorker(ThreadPoolExecutor.java:1136)
at java.base/java.util.concurrent.ThreadPoolExecutor$Worker.run(ThreadPoolExecutor.java:635)
at java.base/java.lang.Thread.run(Thread.java:833)
... Removed 23 stack frames]]>
    </failure>
  </testcase> <!-- CrossBrowser -->
</testsuite> <!-- edgeTest -->
