<?xml version="1.0" encoding="UTF-8"?>
<!-- Generated by org.testng.reporters.JUnitXMLReporter -->
<testsuite ignored="6" hostname="LAPTOP-G1TPCG3S" failures="0" tests="4" name="Test" time="0.214" errors="0" timestamp="2022-03-23T08:31:40 IST">
  <testcase classname="testNG_grouping.TestGroup1" name="TC7" time="0.033"/>
  <testcase classname="testNG_grouping.TestGroup1" name="TC8" time="0.003"/>
  <testcase classname="testNG_grouping.TestGroup1" name="TC9" time="0.003"/>
  <testcase classname="testNG_grouping.TestGroup2" name="TC4" time="0.005"/>
  <testcase classname="testNG_grouping.TestGroup2" name="TC2" time="0.0">
    <ignored/>
  </testcase> <!-- TC2 -->
  <testcase classname="testNG_grouping.TestGroup2" name="TC1" time="0.0">
    <ignored/>
  </testcase> <!-- TC1 -->
  <testcase classname="testNG_grouping.TestGroup1" name="TC6" time="0.0">
    <ignored/>
  </testcase> <!-- TC6 -->
  <testcase classname="testNG_grouping.TestGroup2" name="TC5" time="0.0">
    <ignored/>
  </testcase> <!-- TC5 -->
  <testcase classname="testNG_grouping.TestGroup2" name="TC3" time="0.0">
    <ignored/>
  </testcase> <!-- TC3 -->
  <testcase classname="testNG_grouping.TestGroup1" name="TC10" time="0.0">
    <ignored/>
  </testcase> <!-- TC10 -->
</testsuite> <!-- Test -->
